Plinth Compilation Error:
Context: Compiling code at /Users/sho/io/plinth-plutarch-paper-code/src-errormsg-categories/PL-USF-04-Settings-RangeSyntax/Plinth.hs:356:19-30:
         Settings.Contracts.SettingsPlinth.firstInRange
Context: Compiling code:
         \ (n [Occ=Once1] :: GHC.Num.Integer.Integer) ->
           case n of n [Occ=Once1] { __DEFAULT ->
           case GHC.Base.build
                  @GHC.Num.Integer.Integer
                  (\ (@b)
                     (c [Occ=Once1, OS=OneShot] :: GHC.Num.Integer.Integer -> b -> b)
                     (n [Occ=Once1, OS=OneShot] :: b) ->
                     GHC.Enum.enumDeltaToInteger1FB
                       @b
                       c
                       n
                       (GHC.Num.Integer.IS 1#)
                       (PlutusTx.Plugin.Utils.anchor
                          @"/Users/sho/io/plinth-plutarch-paper-code/src-errormsg-categories/PL-USF-04-Settings-RangeSyntax/Plinth.hs\NUL350\NUL29\NUL350\NUL30"
                          @GHC.Num.Integer.Integer
                          n))
           of {
             [] -> GHC.Num.Integer.IS 0#;
             : x [Occ=Once1] _ [Occ=Dead] ->
               PlutusTx.Plugin.Utils.anchor
                 @"/Users/sho/io/plinth-plutarch-paper-code/src-errormsg-categories/PL-USF-04-Settings-RangeSyntax/Plinth.hs\NUL351\NUL14\NUL351\NUL15"
                 @GHC.Num.Integer.Integer
                 x
           }
           }
Context: Compiling code:
         case n of n [Occ=Once1] { __DEFAULT ->
         case GHC.Base.build
                @GHC.Num.Integer.Integer
                (\ (@b)
                   (c [Occ=Once1, OS=OneShot] :: GHC.Num.Integer.Integer -> b -> b)
                   (n [Occ=Once1, OS=OneShot] :: b) ->
                   GHC.Enum.enumDeltaToInteger1FB
                     @b
                     c
                     n
                     (GHC.Num.Integer.IS 1#)
                     (PlutusTx.Plugin.Utils.anchor
                        @"/Users/sho/io/plinth-plutarch-paper-code/src-errormsg-categories/PL-USF-04-Settings-RangeSyntax/Plinth.hs\NUL350\NUL29\NUL350\NUL30"
                        @GHC.Num.Integer.Integer
                        n))
         of {
           [] -> GHC.Num.Integer.IS 0#;
           : x [Occ=Once1] _ [Occ=Dead] ->
             PlutusTx.Plugin.Utils.anchor
               @"/Users/sho/io/plinth-plutarch-paper-code/src-errormsg-categories/PL-USF-04-Settings-RangeSyntax/Plinth.hs\NUL351\NUL14\NUL351\NUL15"
               @GHC.Num.Integer.Integer
               x
         }
         }
Context: Compiling code:
         case GHC.Base.build
                @GHC.Num.Integer.Integer
                (\ (@b)
                   (c [Occ=Once1, OS=OneShot] :: GHC.Num.Integer.Integer -> b -> b)
                   (n [Occ=Once1, OS=OneShot] :: b) ->
                   GHC.Enum.enumDeltaToInteger1FB
                     @b
                     c
                     n
                     (GHC.Num.Integer.IS 1#)
                     (PlutusTx.Plugin.Utils.anchor
                        @"/Users/sho/io/plinth-plutarch-paper-code/src-errormsg-categories/PL-USF-04-Settings-RangeSyntax/Plinth.hs\NUL350\NUL29\NUL350\NUL30"
                        @GHC.Num.Integer.Integer
                        n))
         of {
           [] -> GHC.Num.Integer.IS 0#;
           : x [Occ=Once1] _ [Occ=Dead] ->
             PlutusTx.Plugin.Utils.anchor
               @"/Users/sho/io/plinth-plutarch-paper-code/src-errormsg-categories/PL-USF-04-Settings-RangeSyntax/Plinth.hs\NUL351\NUL14\NUL351\NUL15"
               @GHC.Num.Integer.Integer
               x
         }
Context: Compiling code:
         GHC.Base.build
           @GHC.Num.Integer.Integer
           (\ (@b)
              (c [Occ=Once1, OS=OneShot] :: GHC.Num.Integer.Integer -> b -> b)
              (n [Occ=Once1, OS=OneShot] :: b) ->
              GHC.Enum.enumDeltaToInteger1FB
                @b
                c
                n
                (GHC.Num.Integer.IS 1#)
                (PlutusTx.Plugin.Utils.anchor
                   @"/Users/sho/io/plinth-plutarch-paper-code/src-errormsg-categories/PL-USF-04-Settings-RangeSyntax/Plinth.hs\NUL350\NUL29\NUL350\NUL30"
                   @GHC.Num.Integer.Integer
                   n))
Context: Compiling code:
         \ (@b)
           (c [Occ=Once1, OS=OneShot] :: GHC.Num.Integer.Integer -> b -> b)
           (n [Occ=Once1, OS=OneShot] :: b) ->
           GHC.Enum.enumDeltaToInteger1FB
             @b
             c
             n
             (GHC.Num.Integer.IS 1#)
             (PlutusTx.Plugin.Utils.anchor
                @"/Users/sho/io/plinth-plutarch-paper-code/src-errormsg-categories/PL-USF-04-Settings-RangeSyntax/Plinth.hs\NUL350\NUL29\NUL350\NUL30"
                @GHC.Num.Integer.Integer
                n)
Context: Compiling code:
         \ (c [Occ=Once1, OS=OneShot] :: GHC.Num.Integer.Integer -> b -> b)
           (n [Occ=Once1, OS=OneShot] :: b) ->
           GHC.Enum.enumDeltaToInteger1FB
             @b
             c
             n
             (GHC.Num.Integer.IS 1#)
             (PlutusTx.Plugin.Utils.anchor
                @"/Users/sho/io/plinth-plutarch-paper-code/src-errormsg-categories/PL-USF-04-Settings-RangeSyntax/Plinth.hs\NUL350\NUL29\NUL350\NUL30"
                @GHC.Num.Integer.Integer
                n)
Context: Compiling code:
         \ (n [Occ=Once1, OS=OneShot] :: b) ->
           GHC.Enum.enumDeltaToInteger1FB
             @b
             c
             n
             (GHC.Num.Integer.IS 1#)
             (PlutusTx.Plugin.Utils.anchor
                @"/Users/sho/io/plinth-plutarch-paper-code/src-errormsg-categories/PL-USF-04-Settings-RangeSyntax/Plinth.hs\NUL350\NUL29\NUL350\NUL30"
                @GHC.Num.Integer.Integer
                n)
Context: Compiling code:
         GHC.Enum.enumDeltaToInteger1FB
           @b
           c
           n
           (GHC.Num.Integer.IS 1#)
           (PlutusTx.Plugin.Utils.anchor
              @"/Users/sho/io/plinth-plutarch-paper-code/src-errormsg-categories/PL-USF-04-Settings-RangeSyntax/Plinth.hs\NUL350\NUL29\NUL350\NUL30"
              @GHC.Num.Integer.Integer
              n)
Context: Compiling code:
         GHC.Enum.enumDeltaToInteger1FB @b c n (GHC.Num.Integer.IS 1#)
Context: Compiling code:
         GHC.Enum.enumDeltaToInteger1FB @b c n
Context: Compiling code:
         GHC.Enum.enumDeltaToInteger1FB @b c
Context: Compiling code:
         GHC.Enum.enumDeltaToInteger1FB @b
Context: Compiling code:
         GHC.Enum.enumDeltaToInteger1FB
Error: Unsupported feature: Use of enumFromTo or enumFromThenTo, possibly via range syntax. Please use PlutusTx.Enum.enumFromTo or PlutusTx.Enum.enumFromThenTo instead.
    |ᴾᴸᴵᴺᵀᴴ
356 | rangeEntry _ = if firstInRange 4 == 1 then () else error ()
    |                   ^^^^^^^^^^^^
