
/Users/sho/io/plinth-plutarch-paper-code/src-errormsg-categories/PT-DAT-03-Hydra-PIntForPAsData/Plutarch.hs:210:31-34: error: [GHC-18872]
    • Couldn't match type ‘PAsData a1’ with ‘PTxOutRef’
        arising from a use of ‘plam’
    • In the first argument of ‘($)’, namely ‘plam’
      In the second argument of ‘($)’, namely
        ‘plam
           $ \ ref1 ref2
               -> let
                    fields1 = ...
                    ....
                  in
                    pif
                      (txIdCmp #== 0)
                      (pif (idx1 #== idx2) 0 (pif (idx1 #< idx2) (- 1) 1)) txIdCmp’
      In the expression:
        phoistAcyclic
          $ plam
              $ \ ref1 ref2
                  -> let
                       fields1 = ...
                       ....
                     in
                       pif
                         (txIdCmp #== 0)
                         (pif (idx1 #== idx2) 0 (pif (idx1 #< idx2) (- 1) 1)) txIdCmp
    |
210 | pcompareRef = phoistAcyclic $ plam $ \ref1 ref2 ->
    |                               ^^^^

/Users/sho/io/plinth-plutarch-paper-code/src-errormsg-categories/PT-DAT-03-Hydra-PIntForPAsData/Plutarch.hs:211:56-59: error: [GHC-83865]
    • Couldn't match type ‘PTxOutRef’ with ‘PAsData a0’
      Expected: Term s' (PAsData a0)
        Actual: Term s' PTxOutRef
    • In the first argument of ‘pforgetData’, namely ‘ref1’
      In the second argument of ‘(#)’, namely ‘pforgetData ref1’
      In the second argument of ‘(#)’, namely
        ‘(pasConstr # pforgetData ref1)’
    |
211 |   let fields1 = psndBuiltin # (pasConstr # pforgetData ref1)
    |                                                        ^^^^
