
/Users/sho/io/plinth-plutarch-paper-code/src-errormsg-categories/PT-DRV-05-Crowdfund-MissingSOPGeneric/Plutarch.hs:99:13-22: error: [GHC-39999]
    • No instance for ‘SOP.Generic (PCrowdfundDatum GHC.Types.Any)’
        arising from the 'deriving' clause of a data type declaration
      Possible fix:
        use a standalone 'deriving instance' declaration,
          so you can specify the instance context yourself
    • When deriving the instance for (PlutusType PCrowdfundDatum)
   |
99 |   deriving (PlutusType) via (DeriveAsDataStruct PCrowdfundDatum)
   |             ^^^^^^^^^^

/Users/sho/io/plinth-plutarch-paper-code/src-errormsg-categories/PT-DRV-05-Crowdfund-MissingSOPGeneric/Plutarch.hs:99:13-22: error: [GHC-05617]
    • Could not solve: (Data.SOP.Constraint.AllZipF
                          (SOP.AllZip (SOP.LiftedCoercible SOP.I (Term s)))
                          (SOP.Code (PCrowdfundDatum s))
                          (Plutarch.Repr.Internal.UnTermStruct'
                             (SOP.Code (PCrowdfundDatum GHC.Types.Any))),
                        Data.SOP.Constraint.AllZipF
                          (SOP.AllZip (SOP.LiftedCoercible (Term s) SOP.I))
                          (Plutarch.Repr.Internal.UnTermStruct'
                             (SOP.Code (PCrowdfundDatum GHC.Types.Any)))
                          (SOP.Code (PCrowdfundDatum s)),
                        SOP.SameShapeAs
                          (Plutarch.Repr.Internal.UnTermStruct'
                             (SOP.Code (PCrowdfundDatum GHC.Types.Any)))
                          (SOP.Code (PCrowdfundDatum s)),
                        SOP.SameShapeAs
                          (SOP.Code (PCrowdfundDatum s))
                          (Plutarch.Repr.Internal.UnTermStruct'
                             (SOP.Code (PCrowdfundDatum GHC.Types.Any))),
                        Data.SOP.Constraint.AllF SOP.Top (SOP.Code (PCrowdfundDatum s)),
                        Data.SOP.Constraint.AllF SOP.SListI (SOP.Code (PCrowdfundDatum s)))
        arising from the head of a quantified constraint
        arising from the 'deriving' clause of a data type declaration
    • When deriving the instance for (PlutusType PCrowdfundDatum)
   |
99 |   deriving (PlutusType) via (DeriveAsDataStruct PCrowdfundDatum)
   |             ^^^^^^^^^^

/Users/sho/io/plinth-plutarch-paper-code/src-errormsg-categories/PT-DRV-05-Crowdfund-MissingSOPGeneric/Plutarch.hs:99:13-22: error: [GHC-39999]
    • No instance for ‘SOP.Generic (PCrowdfundDatum s)’
        arising from the head of a quantified constraint
        arising from the 'deriving' clause of a data type declaration
    • When deriving the instance for (PlutusType PCrowdfundDatum)
   |
99 |   deriving (PlutusType) via (DeriveAsDataStruct PCrowdfundDatum)
   |             ^^^^^^^^^^
