Plinth Compilation Error:
Context: Compiling code at /Users/sho/io/plinth-plutarch-paper-code/src-errormsg-categories/PL-USF-03-Vesting-IntegerLiteralPattern/Plinth.hs:198:16-28:
         Vesting.Contracts.VestingPlinth.linearVesting
Context: Compiling code:
         \ (startTimestamp [Occ=Once1] :: GHC.Num.Integer.Integer)
           (duration [Occ=Once1] :: GHC.Num.Integer.Integer)
           (totalAllocation [Occ=Once1] :: GHC.Num.Integer.Integer)
           (timestamp [Occ=Once1] :: GHC.Num.Integer.Integer) ->
           case startTimestamp of startTimestamp [Occ=Once1] { __DEFAULT ->
           case duration of duration { __DEFAULT ->
           case totalAllocation of totalAllocation [Occ=Once2] { __DEFAULT ->
           case timestamp of timestamp [Occ=Once1] { __DEFAULT ->
           case case PlutusTx.Plugin.Utils.anchor
                       @"/Users/sho/io/plinth-plutarch-paper-code/src-errormsg-categories/PL-USF-03-Vesting-IntegerLiteralPattern/Plinth.hs\NUL153\NUL8\NUL153\NUL17"
                       @GHC.Num.Integer.Integer
                       timestamp
                of x1 [Occ=Once1]
                { __DEFAULT ->
                case PlutusTx.Plugin.Utils.anchor
                       @"/Users/sho/io/plinth-plutarch-paper-code/src-errormsg-categories/PL-USF-03-Vesting-IntegerLiteralPattern/Plinth.hs\NUL153\NUL20\NUL153\NUL34"
                       @GHC.Num.Integer.Integer
                       startTimestamp
                of y1 [Occ=Once1]
                { __DEFAULT ->
                PlutusTx.Builtins.Internal.subtractInteger x1 y1
                }
                }
           of ds_dyfd
           { __DEFAULT ->
           case case ds_dyfd of {
                  GHC.Num.Integer.IS x1 [Occ=Once1!] ->
                    GHC.Prim.tagToEnum#
                      @GHC.Types.Bool
                      (case x1 of {
                         __DEFAULT -> 0#;
                         0# -> 1#
                       });
                  GHC.Num.Integer.IP _ [Occ=Dead] -> GHC.Types.False;
                  GHC.Num.Integer.IN _ [Occ=Dead] -> GHC.Types.False
                }
           of {
             GHC.Types.False ->
               case PlutusTx.Builtins.Internal.lessThanInteger
                      ds_dyfd (GHC.Num.Integer.IS 0#)
               of {
                 GHC.Types.False ->
                   case PlutusTx.Builtins.Internal.lessThanInteger duration ds_dyfd
                   of {
                     GHC.Types.False ->
                       PlutusTx.Plugin.Utils.anchor
                         @"/Users/sho/io/plinth-plutarch-paper-code/src-errormsg-categories/PL-USF-03-Vesting-IntegerLiteralPattern/Plinth.hs\NUL158\NUL22\NUL158\NUL28"
                         @(GHC.Num.Integer.Integer
                           -> GHC.Num.Integer.Integer -> GHC.Num.Integer.Integer)
                         PlutusTx.Builtins.divideInteger
                         (case PlutusTx.Plugin.Utils.anchor
                                 @"/Users/sho/io/plinth-plutarch-paper-code/src-errormsg-categories/PL-USF-03-Vesting-IntegerLiteralPattern/Plinth.hs\NUL158\NUL30\NUL158\NUL45"
                                 @GHC.Num.Integer.Integer
                                 totalAllocation
                          of x1 [Occ=Once1]
                          { __DEFAULT ->
                          case PlutusTx.Plugin.Utils.anchor
                                 @"/Users/sho/io/plinth-plutarch-paper-code/src-errormsg-categories/PL-USF-03-Vesting-IntegerLiteralPattern/Plinth.hs\NUL158\NUL48\NUL158\NUL55"
                                 @GHC.Num.Integer.Integer
                                 ds_dyfd
                          of y1 [Occ=Once1]
                          { __DEFAULT ->
                          PlutusTx.Builtins.Internal.multiplyInteger x1 y1
                          }
                          })
                         (PlutusTx.Plugin.Utils.anchor
                            @"/Users/sho/io/plinth-plutarch-paper-code/src-errormsg-categories/PL-USF-03-Vesting-IntegerLiteralPattern/Plinth.hs\NUL158\NUL57\NUL158\NUL65"
                            @GHC.Num.Integer.Integer
                            duration);
                     GHC.Types.True ->
                       PlutusTx.Plugin.Utils.anchor
                         @"/Users/sho/io/plinth-plutarch-paper-code/src-errormsg-categories/PL-USF-03-Vesting-IntegerLiteralPattern/Plinth.hs\NUL157\NUL31\NUL157\NUL46"
                         @GHC.Num.Integer.Integer
                         totalAllocation
                   };
                 GHC.Types.True -> GHC.Num.Integer.IS 0#
               };
             GHC.Types.True -> GHC.Num.Integer.IS 0#
           }
           }
           }
           }
           }
           }
Context: Compiling code:
         \ (duration [Occ=Once1] :: GHC.Num.Integer.Integer)
           (totalAllocation [Occ=Once1] :: GHC.Num.Integer.Integer)
           (timestamp [Occ=Once1] :: GHC.Num.Integer.Integer) ->
           case startTimestamp of startTimestamp [Occ=Once1] { __DEFAULT ->
           case duration of duration { __DEFAULT ->
           case totalAllocation of totalAllocation [Occ=Once2] { __DEFAULT ->
           case timestamp of timestamp [Occ=Once1] { __DEFAULT ->
           case case PlutusTx.Plugin.Utils.anchor
                       @"/Users/sho/io/plinth-plutarch-paper-code/src-errormsg-categories/PL-USF-03-Vesting-IntegerLiteralPattern/Plinth.hs\NUL153\NUL8\NUL153\NUL17"
                       @GHC.Num.Integer.Integer
                       timestamp
                of x1 [Occ=Once1]
                { __DEFAULT ->
                case PlutusTx.Plugin.Utils.anchor
                       @"/Users/sho/io/plinth-plutarch-paper-code/src-errormsg-categories/PL-USF-03-Vesting-IntegerLiteralPattern/Plinth.hs\NUL153\NUL20\NUL153\NUL34"
                       @GHC.Num.Integer.Integer
                       startTimestamp
                of y1 [Occ=Once1]
                { __DEFAULT ->
                PlutusTx.Builtins.Internal.subtractInteger x1 y1
                }
                }
           of ds_dyfd
           { __DEFAULT ->
           case case ds_dyfd of {
                  GHC.Num.Integer.IS x1 [Occ=Once1!] ->
                    GHC.Prim.tagToEnum#
                      @GHC.Types.Bool
                      (case x1 of {
                         __DEFAULT -> 0#;
                         0# -> 1#
                       });
                  GHC.Num.Integer.IP _ [Occ=Dead] -> GHC.Types.False;
                  GHC.Num.Integer.IN _ [Occ=Dead] -> GHC.Types.False
                }
           of {
             GHC.Types.False ->
               case PlutusTx.Builtins.Internal.lessThanInteger
                      ds_dyfd (GHC.Num.Integer.IS 0#)
               of {
                 GHC.Types.False ->
                   case PlutusTx.Builtins.Internal.lessThanInteger duration ds_dyfd
                   of {
                     GHC.Types.False ->
                       PlutusTx.Plugin.Utils.anchor
                         @"/Users/sho/io/plinth-plutarch-paper-code/src-errormsg-categories/PL-USF-03-Vesting-IntegerLiteralPattern/Plinth.hs\NUL158\NUL22\NUL158\NUL28"
                         @(GHC.Num.Integer.Integer
                           -> GHC.Num.Integer.Integer -> GHC.Num.Integer.Integer)
                         PlutusTx.Builtins.divideInteger
                         (case PlutusTx.Plugin.Utils.anchor
                                 @"/Users/sho/io/plinth-plutarch-paper-code/src-errormsg-categories/PL-USF-03-Vesting-IntegerLiteralPattern/Plinth.hs\NUL158\NUL30\NUL158\NUL45"
                                 @GHC.Num.Integer.Integer
                                 totalAllocation
                          of x1 [Occ=Once1]
                          { __DEFAULT ->
                          case PlutusTx.Plugin.Utils.anchor
                                 @"/Users/sho/io/plinth-plutarch-paper-code/src-errormsg-categories/PL-USF-03-Vesting-IntegerLiteralPattern/Plinth.hs\NUL158\NUL48\NUL158\NUL55"
                                 @GHC.Num.Integer.Integer
                                 ds_dyfd
                          of y1 [Occ=Once1]
                          { __DEFAULT ->
                          PlutusTx.Builtins.Internal.multiplyInteger x1 y1
                          }
                          })
                         (PlutusTx.Plugin.Utils.anchor
                            @"/Users/sho/io/plinth-plutarch-paper-code/src-errormsg-categories/PL-USF-03-Vesting-IntegerLiteralPattern/Plinth.hs\NUL158\NUL57\NUL158\NUL65"
                            @GHC.Num.Integer.Integer
                            duration);
                     GHC.Types.True ->
                       PlutusTx.Plugin.Utils.anchor
                         @"/Users/sho/io/plinth-plutarch-paper-code/src-errormsg-categories/PL-USF-03-Vesting-IntegerLiteralPattern/Plinth.hs\NUL157\NUL31\NUL157\NUL46"
                         @GHC.Num.Integer.Integer
                         totalAllocation
                   };
                 GHC.Types.True -> GHC.Num.Integer.IS 0#
               };
             GHC.Types.True -> GHC.Num.Integer.IS 0#
           }
           }
           }
           }
           }
           }
Context: Compiling code:
         \ (totalAllocation [Occ=Once1] :: GHC.Num.Integer.Integer)
           (timestamp [Occ=Once1] :: GHC.Num.Integer.Integer) ->
           case startTimestamp of startTimestamp [Occ=Once1] { __DEFAULT ->
           case duration of duration { __DEFAULT ->
           case totalAllocation of totalAllocation [Occ=Once2] { __DEFAULT ->
           case timestamp of timestamp [Occ=Once1] { __DEFAULT ->
           case case PlutusTx.Plugin.Utils.anchor
                       @"/Users/sho/io/plinth-plutarch-paper-code/src-errormsg-categories/PL-USF-03-Vesting-IntegerLiteralPattern/Plinth.hs\NUL153\NUL8\NUL153\NUL17"
                       @GHC.Num.Integer.Integer
                       timestamp
                of x1 [Occ=Once1]
                { __DEFAULT ->
                case PlutusTx.Plugin.Utils.anchor
                       @"/Users/sho/io/plinth-plutarch-paper-code/src-errormsg-categories/PL-USF-03-Vesting-IntegerLiteralPattern/Plinth.hs\NUL153\NUL20\NUL153\NUL34"
                       @GHC.Num.Integer.Integer
                       startTimestamp
                of y1 [Occ=Once1]
                { __DEFAULT ->
                PlutusTx.Builtins.Internal.subtractInteger x1 y1
                }
                }
           of ds_dyfd
           { __DEFAULT ->
           case case ds_dyfd of {
                  GHC.Num.Integer.IS x1 [Occ=Once1!] ->
                    GHC.Prim.tagToEnum#
                      @GHC.Types.Bool
                      (case x1 of {
                         __DEFAULT -> 0#;
                         0# -> 1#
                       });
                  GHC.Num.Integer.IP _ [Occ=Dead] -> GHC.Types.False;
                  GHC.Num.Integer.IN _ [Occ=Dead] -> GHC.Types.False
                }
           of {
             GHC.Types.False ->
               case PlutusTx.Builtins.Internal.lessThanInteger
                      ds_dyfd (GHC.Num.Integer.IS 0#)
               of {
                 GHC.Types.False ->
                   case PlutusTx.Builtins.Internal.lessThanInteger duration ds_dyfd
                   of {
                     GHC.Types.False ->
                       PlutusTx.Plugin.Utils.anchor
                         @"/Users/sho/io/plinth-plutarch-paper-code/src-errormsg-categories/PL-USF-03-Vesting-IntegerLiteralPattern/Plinth.hs\NUL158\NUL22\NUL158\NUL28"
                         @(GHC.Num.Integer.Integer
                           -> GHC.Num.Integer.Integer -> GHC.Num.Integer.Integer)
                         PlutusTx.Builtins.divideInteger
                         (case PlutusTx.Plugin.Utils.anchor
                                 @"/Users/sho/io/plinth-plutarch-paper-code/src-errormsg-categories/PL-USF-03-Vesting-IntegerLiteralPattern/Plinth.hs\NUL158\NUL30\NUL158\NUL45"
                                 @GHC.Num.Integer.Integer
                                 totalAllocation
                          of x1 [Occ=Once1]
                          { __DEFAULT ->
                          case PlutusTx.Plugin.Utils.anchor
                                 @"/Users/sho/io/plinth-plutarch-paper-code/src-errormsg-categories/PL-USF-03-Vesting-IntegerLiteralPattern/Plinth.hs\NUL158\NUL48\NUL158\NUL55"
                                 @GHC.Num.Integer.Integer
                                 ds_dyfd
                          of y1 [Occ=Once1]
                          { __DEFAULT ->
                          PlutusTx.Builtins.Internal.multiplyInteger x1 y1
                          }
                          })
                         (PlutusTx.Plugin.Utils.anchor
                            @"/Users/sho/io/plinth-plutarch-paper-code/src-errormsg-categories/PL-USF-03-Vesting-IntegerLiteralPattern/Plinth.hs\NUL158\NUL57\NUL158\NUL65"
                            @GHC.Num.Integer.Integer
                            duration);
                     GHC.Types.True ->
                       PlutusTx.Plugin.Utils.anchor
                         @"/Users/sho/io/plinth-plutarch-paper-code/src-errormsg-categories/PL-USF-03-Vesting-IntegerLiteralPattern/Plinth.hs\NUL157\NUL31\NUL157\NUL46"
                         @GHC.Num.Integer.Integer
                         totalAllocation
                   };
                 GHC.Types.True -> GHC.Num.Integer.IS 0#
               };
             GHC.Types.True -> GHC.Num.Integer.IS 0#
           }
           }
           }
           }
           }
           }
Context: Compiling code:
         \ (timestamp [Occ=Once1] :: GHC.Num.Integer.Integer) ->
           case startTimestamp of startTimestamp [Occ=Once1] { __DEFAULT ->
           case duration of duration { __DEFAULT ->
           case totalAllocation of totalAllocation [Occ=Once2] { __DEFAULT ->
           case timestamp of timestamp [Occ=Once1] { __DEFAULT ->
           case case PlutusTx.Plugin.Utils.anchor
                       @"/Users/sho/io/plinth-plutarch-paper-code/src-errormsg-categories/PL-USF-03-Vesting-IntegerLiteralPattern/Plinth.hs\NUL153\NUL8\NUL153\NUL17"
                       @GHC.Num.Integer.Integer
                       timestamp
                of x1 [Occ=Once1]
                { __DEFAULT ->
                case PlutusTx.Plugin.Utils.anchor
                       @"/Users/sho/io/plinth-plutarch-paper-code/src-errormsg-categories/PL-USF-03-Vesting-IntegerLiteralPattern/Plinth.hs\NUL153\NUL20\NUL153\NUL34"
                       @GHC.Num.Integer.Integer
                       startTimestamp
                of y1 [Occ=Once1]
                { __DEFAULT ->
                PlutusTx.Builtins.Internal.subtractInteger x1 y1
                }
                }
           of ds_dyfd
           { __DEFAULT ->
           case case ds_dyfd of {
                  GHC.Num.Integer.IS x1 [Occ=Once1!] ->
                    GHC.Prim.tagToEnum#
                      @GHC.Types.Bool
                      (case x1 of {
                         __DEFAULT -> 0#;
                         0# -> 1#
                       });
                  GHC.Num.Integer.IP _ [Occ=Dead] -> GHC.Types.False;
                  GHC.Num.Integer.IN _ [Occ=Dead] -> GHC.Types.False
                }
           of {
             GHC.Types.False ->
               case PlutusTx.Builtins.Internal.lessThanInteger
                      ds_dyfd (GHC.Num.Integer.IS 0#)
               of {
                 GHC.Types.False ->
                   case PlutusTx.Builtins.Internal.lessThanInteger duration ds_dyfd
                   of {
                     GHC.Types.False ->
                       PlutusTx.Plugin.Utils.anchor
                         @"/Users/sho/io/plinth-plutarch-paper-code/src-errormsg-categories/PL-USF-03-Vesting-IntegerLiteralPattern/Plinth.hs\NUL158\NUL22\NUL158\NUL28"
                         @(GHC.Num.Integer.Integer
                           -> GHC.Num.Integer.Integer -> GHC.Num.Integer.Integer)
                         PlutusTx.Builtins.divideInteger
                         (case PlutusTx.Plugin.Utils.anchor
                                 @"/Users/sho/io/plinth-plutarch-paper-code/src-errormsg-categories/PL-USF-03-Vesting-IntegerLiteralPattern/Plinth.hs\NUL158\NUL30\NUL158\NUL45"
                                 @GHC.Num.Integer.Integer
                                 totalAllocation
                          of x1 [Occ=Once1]
                          { __DEFAULT ->
                          case PlutusTx.Plugin.Utils.anchor
                                 @"/Users/sho/io/plinth-plutarch-paper-code/src-errormsg-categories/PL-USF-03-Vesting-IntegerLiteralPattern/Plinth.hs\NUL158\NUL48\NUL158\NUL55"
                                 @GHC.Num.Integer.Integer
                                 ds_dyfd
                          of y1 [Occ=Once1]
                          { __DEFAULT ->
                          PlutusTx.Builtins.Internal.multiplyInteger x1 y1
                          }
                          })
                         (PlutusTx.Plugin.Utils.anchor
                            @"/Users/sho/io/plinth-plutarch-paper-code/src-errormsg-categories/PL-USF-03-Vesting-IntegerLiteralPattern/Plinth.hs\NUL158\NUL57\NUL158\NUL65"
                            @GHC.Num.Integer.Integer
                            duration);
                     GHC.Types.True ->
                       PlutusTx.Plugin.Utils.anchor
                         @"/Users/sho/io/plinth-plutarch-paper-code/src-errormsg-categories/PL-USF-03-Vesting-IntegerLiteralPattern/Plinth.hs\NUL157\NUL31\NUL157\NUL46"
                         @GHC.Num.Integer.Integer
                         totalAllocation
                   };
                 GHC.Types.True -> GHC.Num.Integer.IS 0#
               };
             GHC.Types.True -> GHC.Num.Integer.IS 0#
           }
           }
           }
           }
           }
           }
Context: Compiling code:
         case startTimestamp of startTimestamp [Occ=Once1] { __DEFAULT ->
         case duration of duration { __DEFAULT ->
         case totalAllocation of totalAllocation [Occ=Once2] { __DEFAULT ->
         case timestamp of timestamp [Occ=Once1] { __DEFAULT ->
         case case PlutusTx.Plugin.Utils.anchor
                     @"/Users/sho/io/plinth-plutarch-paper-code/src-errormsg-categories/PL-USF-03-Vesting-IntegerLiteralPattern/Plinth.hs\NUL153\NUL8\NUL153\NUL17"
                     @GHC.Num.Integer.Integer
                     timestamp
              of x1 [Occ=Once1]
              { __DEFAULT ->
              case PlutusTx.Plugin.Utils.anchor
                     @"/Users/sho/io/plinth-plutarch-paper-code/src-errormsg-categories/PL-USF-03-Vesting-IntegerLiteralPattern/Plinth.hs\NUL153\NUL20\NUL153\NUL34"
                     @GHC.Num.Integer.Integer
                     startTimestamp
              of y1 [Occ=Once1]
              { __DEFAULT ->
              PlutusTx.Builtins.Internal.subtractInteger x1 y1
              }
              }
         of ds_dyfd
         { __DEFAULT ->
         case case ds_dyfd of {
                GHC.Num.Integer.IS x1 [Occ=Once1!] ->
                  GHC.Prim.tagToEnum#
                    @GHC.Types.Bool
                    (case x1 of {
                       __DEFAULT -> 0#;
                       0# -> 1#
                     });
                GHC.Num.Integer.IP _ [Occ=Dead] -> GHC.Types.False;
                GHC.Num.Integer.IN _ [Occ=Dead] -> GHC.Types.False
              }
         of {
           GHC.Types.False ->
             case PlutusTx.Builtins.Internal.lessThanInteger
                    ds_dyfd (GHC.Num.Integer.IS 0#)
             of {
               GHC.Types.False ->
                 case PlutusTx.Builtins.Internal.lessThanInteger duration ds_dyfd
                 of {
                   GHC.Types.False ->
                     PlutusTx.Plugin.Utils.anchor
                       @"/Users/sho/io/plinth-plutarch-paper-code/src-errormsg-categories/PL-USF-03-Vesting-IntegerLiteralPattern/Plinth.hs\NUL158\NUL22\NUL158\NUL28"
                       @(GHC.Num.Integer.Integer
                         -> GHC.Num.Integer.Integer -> GHC.Num.Integer.Integer)
                       PlutusTx.Builtins.divideInteger
                       (case PlutusTx.Plugin.Utils.anchor
                               @"/Users/sho/io/plinth-plutarch-paper-code/src-errormsg-categories/PL-USF-03-Vesting-IntegerLiteralPattern/Plinth.hs\NUL158\NUL30\NUL158\NUL45"
                               @GHC.Num.Integer.Integer
                               totalAllocation
                        of x1 [Occ=Once1]
                        { __DEFAULT ->
                        case PlutusTx.Plugin.Utils.anchor
                               @"/Users/sho/io/plinth-plutarch-paper-code/src-errormsg-categories/PL-USF-03-Vesting-IntegerLiteralPattern/Plinth.hs\NUL158\NUL48\NUL158\NUL55"
                               @GHC.Num.Integer.Integer
                               ds_dyfd
                        of y1 [Occ=Once1]
                        { __DEFAULT ->
                        PlutusTx.Builtins.Internal.multiplyInteger x1 y1
                        }
                        })
                       (PlutusTx.Plugin.Utils.anchor
                          @"/Users/sho/io/plinth-plutarch-paper-code/src-errormsg-categories/PL-USF-03-Vesting-IntegerLiteralPattern/Plinth.hs\NUL158\NUL57\NUL158\NUL65"
                          @GHC.Num.Integer.Integer
                          duration);
                   GHC.Types.True ->
                     PlutusTx.Plugin.Utils.anchor
                       @"/Users/sho/io/plinth-plutarch-paper-code/src-errormsg-categories/PL-USF-03-Vesting-IntegerLiteralPattern/Plinth.hs\NUL157\NUL31\NUL157\NUL46"
                       @GHC.Num.Integer.Integer
                       totalAllocation
                 };
               GHC.Types.True -> GHC.Num.Integer.IS 0#
             };
           GHC.Types.True -> GHC.Num.Integer.IS 0#
         }
         }
         }
         }
         }
         }
Context: Compiling code:
         case duration of duration { __DEFAULT ->
         case totalAllocation of totalAllocation [Occ=Once2] { __DEFAULT ->
         case timestamp of timestamp [Occ=Once1] { __DEFAULT ->
         case case PlutusTx.Plugin.Utils.anchor
                     @"/Users/sho/io/plinth-plutarch-paper-code/src-errormsg-categories/PL-USF-03-Vesting-IntegerLiteralPattern/Plinth.hs\NUL153\NUL8\NUL153\NUL17"
                     @GHC.Num.Integer.Integer
                     timestamp
              of x1 [Occ=Once1]
              { __DEFAULT ->
              case PlutusTx.Plugin.Utils.anchor
                     @"/Users/sho/io/plinth-plutarch-paper-code/src-errormsg-categories/PL-USF-03-Vesting-IntegerLiteralPattern/Plinth.hs\NUL153\NUL20\NUL153\NUL34"
                     @GHC.Num.Integer.Integer
                     startTimestamp
              of y1 [Occ=Once1]
              { __DEFAULT ->
              PlutusTx.Builtins.Internal.subtractInteger x1 y1
              }
              }
         of ds_dyfd
         { __DEFAULT ->
         case case ds_dyfd of {
                GHC.Num.Integer.IS x1 [Occ=Once1!] ->
                  GHC.Prim.tagToEnum#
                    @GHC.Types.Bool
                    (case x1 of {
                       __DEFAULT -> 0#;
                       0# -> 1#
                     });
                GHC.Num.Integer.IP _ [Occ=Dead] -> GHC.Types.False;
                GHC.Num.Integer.IN _ [Occ=Dead] -> GHC.Types.False
              }
         of {
           GHC.Types.False ->
             case PlutusTx.Builtins.Internal.lessThanInteger
                    ds_dyfd (GHC.Num.Integer.IS 0#)
             of {
               GHC.Types.False ->
                 case PlutusTx.Builtins.Internal.lessThanInteger duration ds_dyfd
                 of {
                   GHC.Types.False ->
                     PlutusTx.Plugin.Utils.anchor
                       @"/Users/sho/io/plinth-plutarch-paper-code/src-errormsg-categories/PL-USF-03-Vesting-IntegerLiteralPattern/Plinth.hs\NUL158\NUL22\NUL158\NUL28"
                       @(GHC.Num.Integer.Integer
                         -> GHC.Num.Integer.Integer -> GHC.Num.Integer.Integer)
                       PlutusTx.Builtins.divideInteger
                       (case PlutusTx.Plugin.Utils.anchor
                               @"/Users/sho/io/plinth-plutarch-paper-code/src-errormsg-categories/PL-USF-03-Vesting-IntegerLiteralPattern/Plinth.hs\NUL158\NUL30\NUL158\NUL45"
                               @GHC.Num.Integer.Integer
                               totalAllocation
                        of x1 [Occ=Once1]
                        { __DEFAULT ->
                        case PlutusTx.Plugin.Utils.anchor
                               @"/Users/sho/io/plinth-plutarch-paper-code/src-errormsg-categories/PL-USF-03-Vesting-IntegerLiteralPattern/Plinth.hs\NUL158\NUL48\NUL158\NUL55"
                               @GHC.Num.Integer.Integer
                               ds_dyfd
                        of y1 [Occ=Once1]
                        { __DEFAULT ->
                        PlutusTx.Builtins.Internal.multiplyInteger x1 y1
                        }
                        })
                       (PlutusTx.Plugin.Utils.anchor
                          @"/Users/sho/io/plinth-plutarch-paper-code/src-errormsg-categories/PL-USF-03-Vesting-IntegerLiteralPattern/Plinth.hs\NUL158\NUL57\NUL158\NUL65"
                          @GHC.Num.Integer.Integer
                          duration);
                   GHC.Types.True ->
                     PlutusTx.Plugin.Utils.anchor
                       @"/Users/sho/io/plinth-plutarch-paper-code/src-errormsg-categories/PL-USF-03-Vesting-IntegerLiteralPattern/Plinth.hs\NUL157\NUL31\NUL157\NUL46"
                       @GHC.Num.Integer.Integer
                       totalAllocation
                 };
               GHC.Types.True -> GHC.Num.Integer.IS 0#
             };
           GHC.Types.True -> GHC.Num.Integer.IS 0#
         }
         }
         }
         }
         }
Context: Compiling code:
         case totalAllocation of totalAllocation [Occ=Once2] { __DEFAULT ->
         case timestamp of timestamp [Occ=Once1] { __DEFAULT ->
         case case PlutusTx.Plugin.Utils.anchor
                     @"/Users/sho/io/plinth-plutarch-paper-code/src-errormsg-categories/PL-USF-03-Vesting-IntegerLiteralPattern/Plinth.hs\NUL153\NUL8\NUL153\NUL17"
                     @GHC.Num.Integer.Integer
                     timestamp
              of x1 [Occ=Once1]
              { __DEFAULT ->
              case PlutusTx.Plugin.Utils.anchor
                     @"/Users/sho/io/plinth-plutarch-paper-code/src-errormsg-categories/PL-USF-03-Vesting-IntegerLiteralPattern/Plinth.hs\NUL153\NUL20\NUL153\NUL34"
                     @GHC.Num.Integer.Integer
                     startTimestamp
              of y1 [Occ=Once1]
              { __DEFAULT ->
              PlutusTx.Builtins.Internal.subtractInteger x1 y1
              }
              }
         of ds_dyfd
         { __DEFAULT ->
         case case ds_dyfd of {
                GHC.Num.Integer.IS x1 [Occ=Once1!] ->
                  GHC.Prim.tagToEnum#
                    @GHC.Types.Bool
                    (case x1 of {
                       __DEFAULT -> 0#;
                       0# -> 1#
                     });
                GHC.Num.Integer.IP _ [Occ=Dead] -> GHC.Types.False;
                GHC.Num.Integer.IN _ [Occ=Dead] -> GHC.Types.False
              }
         of {
           GHC.Types.False ->
             case PlutusTx.Builtins.Internal.lessThanInteger
                    ds_dyfd (GHC.Num.Integer.IS 0#)
             of {
               GHC.Types.False ->
                 case PlutusTx.Builtins.Internal.lessThanInteger duration ds_dyfd
                 of {
                   GHC.Types.False ->
                     PlutusTx.Plugin.Utils.anchor
                       @"/Users/sho/io/plinth-plutarch-paper-code/src-errormsg-categories/PL-USF-03-Vesting-IntegerLiteralPattern/Plinth.hs\NUL158\NUL22\NUL158\NUL28"
                       @(GHC.Num.Integer.Integer
                         -> GHC.Num.Integer.Integer -> GHC.Num.Integer.Integer)
                       PlutusTx.Builtins.divideInteger
                       (case PlutusTx.Plugin.Utils.anchor
                               @"/Users/sho/io/plinth-plutarch-paper-code/src-errormsg-categories/PL-USF-03-Vesting-IntegerLiteralPattern/Plinth.hs\NUL158\NUL30\NUL158\NUL45"
                               @GHC.Num.Integer.Integer
                               totalAllocation
                        of x1 [Occ=Once1]
                        { __DEFAULT ->
                        case PlutusTx.Plugin.Utils.anchor
                               @"/Users/sho/io/plinth-plutarch-paper-code/src-errormsg-categories/PL-USF-03-Vesting-IntegerLiteralPattern/Plinth.hs\NUL158\NUL48\NUL158\NUL55"
                               @GHC.Num.Integer.Integer
                               ds_dyfd
                        of y1 [Occ=Once1]
                        { __DEFAULT ->
                        PlutusTx.Builtins.Internal.multiplyInteger x1 y1
                        }
                        })
                       (PlutusTx.Plugin.Utils.anchor
                          @"/Users/sho/io/plinth-plutarch-paper-code/src-errormsg-categories/PL-USF-03-Vesting-IntegerLiteralPattern/Plinth.hs\NUL158\NUL57\NUL158\NUL65"
                          @GHC.Num.Integer.Integer
                          duration);
                   GHC.Types.True ->
                     PlutusTx.Plugin.Utils.anchor
                       @"/Users/sho/io/plinth-plutarch-paper-code/src-errormsg-categories/PL-USF-03-Vesting-IntegerLiteralPattern/Plinth.hs\NUL157\NUL31\NUL157\NUL46"
                       @GHC.Num.Integer.Integer
                       totalAllocation
                 };
               GHC.Types.True -> GHC.Num.Integer.IS 0#
             };
           GHC.Types.True -> GHC.Num.Integer.IS 0#
         }
         }
         }
         }
Context: Compiling code:
         case timestamp of timestamp [Occ=Once1] { __DEFAULT ->
         case case PlutusTx.Plugin.Utils.anchor
                     @"/Users/sho/io/plinth-plutarch-paper-code/src-errormsg-categories/PL-USF-03-Vesting-IntegerLiteralPattern/Plinth.hs\NUL153\NUL8\NUL153\NUL17"
                     @GHC.Num.Integer.Integer
                     timestamp
              of x1 [Occ=Once1]
              { __DEFAULT ->
              case PlutusTx.Plugin.Utils.anchor
                     @"/Users/sho/io/plinth-plutarch-paper-code/src-errormsg-categories/PL-USF-03-Vesting-IntegerLiteralPattern/Plinth.hs\NUL153\NUL20\NUL153\NUL34"
                     @GHC.Num.Integer.Integer
                     startTimestamp
              of y1 [Occ=Once1]
              { __DEFAULT ->
              PlutusTx.Builtins.Internal.subtractInteger x1 y1
              }
              }
         of ds_dyfd
         { __DEFAULT ->
         case case ds_dyfd of {
                GHC.Num.Integer.IS x1 [Occ=Once1!] ->
                  GHC.Prim.tagToEnum#
                    @GHC.Types.Bool
                    (case x1 of {
                       __DEFAULT -> 0#;
                       0# -> 1#
                     });
                GHC.Num.Integer.IP _ [Occ=Dead] -> GHC.Types.False;
                GHC.Num.Integer.IN _ [Occ=Dead] -> GHC.Types.False
              }
         of {
           GHC.Types.False ->
             case PlutusTx.Builtins.Internal.lessThanInteger
                    ds_dyfd (GHC.Num.Integer.IS 0#)
             of {
               GHC.Types.False ->
                 case PlutusTx.Builtins.Internal.lessThanInteger duration ds_dyfd
                 of {
                   GHC.Types.False ->
                     PlutusTx.Plugin.Utils.anchor
                       @"/Users/sho/io/plinth-plutarch-paper-code/src-errormsg-categories/PL-USF-03-Vesting-IntegerLiteralPattern/Plinth.hs\NUL158\NUL22\NUL158\NUL28"
                       @(GHC.Num.Integer.Integer
                         -> GHC.Num.Integer.Integer -> GHC.Num.Integer.Integer)
                       PlutusTx.Builtins.divideInteger
                       (case PlutusTx.Plugin.Utils.anchor
                               @"/Users/sho/io/plinth-plutarch-paper-code/src-errormsg-categories/PL-USF-03-Vesting-IntegerLiteralPattern/Plinth.hs\NUL158\NUL30\NUL158\NUL45"
                               @GHC.Num.Integer.Integer
                               totalAllocation
                        of x1 [Occ=Once1]
                        { __DEFAULT ->
                        case PlutusTx.Plugin.Utils.anchor
                               @"/Users/sho/io/plinth-plutarch-paper-code/src-errormsg-categories/PL-USF-03-Vesting-IntegerLiteralPattern/Plinth.hs\NUL158\NUL48\NUL158\NUL55"
                               @GHC.Num.Integer.Integer
                               ds_dyfd
                        of y1 [Occ=Once1]
                        { __DEFAULT ->
                        PlutusTx.Builtins.Internal.multiplyInteger x1 y1
                        }
                        })
                       (PlutusTx.Plugin.Utils.anchor
                          @"/Users/sho/io/plinth-plutarch-paper-code/src-errormsg-categories/PL-USF-03-Vesting-IntegerLiteralPattern/Plinth.hs\NUL158\NUL57\NUL158\NUL65"
                          @GHC.Num.Integer.Integer
                          duration);
                   GHC.Types.True ->
                     PlutusTx.Plugin.Utils.anchor
                       @"/Users/sho/io/plinth-plutarch-paper-code/src-errormsg-categories/PL-USF-03-Vesting-IntegerLiteralPattern/Plinth.hs\NUL157\NUL31\NUL157\NUL46"
                       @GHC.Num.Integer.Integer
                       totalAllocation
                 };
               GHC.Types.True -> GHC.Num.Integer.IS 0#
             };
           GHC.Types.True -> GHC.Num.Integer.IS 0#
         }
         }
         }
Context: Compiling code:
         case case PlutusTx.Plugin.Utils.anchor
                     @"/Users/sho/io/plinth-plutarch-paper-code/src-errormsg-categories/PL-USF-03-Vesting-IntegerLiteralPattern/Plinth.hs\NUL153\NUL8\NUL153\NUL17"
                     @GHC.Num.Integer.Integer
                     timestamp
              of x1 [Occ=Once1]
              { __DEFAULT ->
              case PlutusTx.Plugin.Utils.anchor
                     @"/Users/sho/io/plinth-plutarch-paper-code/src-errormsg-categories/PL-USF-03-Vesting-IntegerLiteralPattern/Plinth.hs\NUL153\NUL20\NUL153\NUL34"
                     @GHC.Num.Integer.Integer
                     startTimestamp
              of y1 [Occ=Once1]
              { __DEFAULT ->
              PlutusTx.Builtins.Internal.subtractInteger x1 y1
              }
              }
         of ds_dyfd
         { __DEFAULT ->
         case case ds_dyfd of {
                GHC.Num.Integer.IS x1 [Occ=Once1!] ->
                  GHC.Prim.tagToEnum#
                    @GHC.Types.Bool
                    (case x1 of {
                       __DEFAULT -> 0#;
                       0# -> 1#
                     });
                GHC.Num.Integer.IP _ [Occ=Dead] -> GHC.Types.False;
                GHC.Num.Integer.IN _ [Occ=Dead] -> GHC.Types.False
              }
         of {
           GHC.Types.False ->
             case PlutusTx.Builtins.Internal.lessThanInteger
                    ds_dyfd (GHC.Num.Integer.IS 0#)
             of {
               GHC.Types.False ->
                 case PlutusTx.Builtins.Internal.lessThanInteger duration ds_dyfd
                 of {
                   GHC.Types.False ->
                     PlutusTx.Plugin.Utils.anchor
                       @"/Users/sho/io/plinth-plutarch-paper-code/src-errormsg-categories/PL-USF-03-Vesting-IntegerLiteralPattern/Plinth.hs\NUL158\NUL22\NUL158\NUL28"
                       @(GHC.Num.Integer.Integer
                         -> GHC.Num.Integer.Integer -> GHC.Num.Integer.Integer)
                       PlutusTx.Builtins.divideInteger
                       (case PlutusTx.Plugin.Utils.anchor
                               @"/Users/sho/io/plinth-plutarch-paper-code/src-errormsg-categories/PL-USF-03-Vesting-IntegerLiteralPattern/Plinth.hs\NUL158\NUL30\NUL158\NUL45"
                               @GHC.Num.Integer.Integer
                               totalAllocation
                        of x1 [Occ=Once1]
                        { __DEFAULT ->
                        case PlutusTx.Plugin.Utils.anchor
                               @"/Users/sho/io/plinth-plutarch-paper-code/src-errormsg-categories/PL-USF-03-Vesting-IntegerLiteralPattern/Plinth.hs\NUL158\NUL48\NUL158\NUL55"
                               @GHC.Num.Integer.Integer
                               ds_dyfd
                        of y1 [Occ=Once1]
                        { __DEFAULT ->
                        PlutusTx.Builtins.Internal.multiplyInteger x1 y1
                        }
                        })
                       (PlutusTx.Plugin.Utils.anchor
                          @"/Users/sho/io/plinth-plutarch-paper-code/src-errormsg-categories/PL-USF-03-Vesting-IntegerLiteralPattern/Plinth.hs\NUL158\NUL57\NUL158\NUL65"
                          @GHC.Num.Integer.Integer
                          duration);
                   GHC.Types.True ->
                     PlutusTx.Plugin.Utils.anchor
                       @"/Users/sho/io/plinth-plutarch-paper-code/src-errormsg-categories/PL-USF-03-Vesting-IntegerLiteralPattern/Plinth.hs\NUL157\NUL31\NUL157\NUL46"
                       @GHC.Num.Integer.Integer
                       totalAllocation
                 };
               GHC.Types.True -> GHC.Num.Integer.IS 0#
             };
           GHC.Types.True -> GHC.Num.Integer.IS 0#
         }
         }
Context: Compiling code:
         case case ds_dyfd of {
                GHC.Num.Integer.IS x1 [Occ=Once1!] ->
                  GHC.Prim.tagToEnum#
                    @GHC.Types.Bool
                    (case x1 of {
                       __DEFAULT -> 0#;
                       0# -> 1#
                     });
                GHC.Num.Integer.IP _ [Occ=Dead] -> GHC.Types.False;
                GHC.Num.Integer.IN _ [Occ=Dead] -> GHC.Types.False
              }
         of {
           GHC.Types.False ->
             case PlutusTx.Builtins.Internal.lessThanInteger
                    ds_dyfd (GHC.Num.Integer.IS 0#)
             of {
               GHC.Types.False ->
                 case PlutusTx.Builtins.Internal.lessThanInteger duration ds_dyfd
                 of {
                   GHC.Types.False ->
                     PlutusTx.Plugin.Utils.anchor
                       @"/Users/sho/io/plinth-plutarch-paper-code/src-errormsg-categories/PL-USF-03-Vesting-IntegerLiteralPattern/Plinth.hs\NUL158\NUL22\NUL158\NUL28"
                       @(GHC.Num.Integer.Integer
                         -> GHC.Num.Integer.Integer -> GHC.Num.Integer.Integer)
                       PlutusTx.Builtins.divideInteger
                       (case PlutusTx.Plugin.Utils.anchor
                               @"/Users/sho/io/plinth-plutarch-paper-code/src-errormsg-categories/PL-USF-03-Vesting-IntegerLiteralPattern/Plinth.hs\NUL158\NUL30\NUL158\NUL45"
                               @GHC.Num.Integer.Integer
                               totalAllocation
                        of x1 [Occ=Once1]
                        { __DEFAULT ->
                        case PlutusTx.Plugin.Utils.anchor
                               @"/Users/sho/io/plinth-plutarch-paper-code/src-errormsg-categories/PL-USF-03-Vesting-IntegerLiteralPattern/Plinth.hs\NUL158\NUL48\NUL158\NUL55"
                               @GHC.Num.Integer.Integer
                               ds_dyfd
                        of y1 [Occ=Once1]
                        { __DEFAULT ->
                        PlutusTx.Builtins.Internal.multiplyInteger x1 y1
                        }
                        })
                       (PlutusTx.Plugin.Utils.anchor
                          @"/Users/sho/io/plinth-plutarch-paper-code/src-errormsg-categories/PL-USF-03-Vesting-IntegerLiteralPattern/Plinth.hs\NUL158\NUL57\NUL158\NUL65"
                          @GHC.Num.Integer.Integer
                          duration);
                   GHC.Types.True ->
                     PlutusTx.Plugin.Utils.anchor
                       @"/Users/sho/io/plinth-plutarch-paper-code/src-errormsg-categories/PL-USF-03-Vesting-IntegerLiteralPattern/Plinth.hs\NUL157\NUL31\NUL157\NUL46"
                       @GHC.Num.Integer.Integer
                       totalAllocation
                 };
               GHC.Types.True -> GHC.Num.Integer.IS 0#
             };
           GHC.Types.True -> GHC.Num.Integer.IS 0#
         }
Context: Compiling code:
         case ds_dyfd of {
           GHC.Num.Integer.IS x1 [Occ=Once1!] ->
             GHC.Prim.tagToEnum#
               @GHC.Types.Bool
               (case x1 of {
                  __DEFAULT -> 0#;
                  0# -> 1#
                });
           GHC.Num.Integer.IP _ [Occ=Dead] -> GHC.Types.False;
           GHC.Num.Integer.IN _ [Occ=Dead] -> GHC.Types.False
         }
Context: Creating instantiated matcher for type: GHC.Num.Integer.Integer
Error: Unsupported feature: Cannot pattern match on a value of type 'Integer'.

       This usually happens when pattern matching on an integer literal,
       for example:

         f 42 = ...
         f n  = ...

       Plinth does not support pattern matching on 'Integer'. Use equality
       from 'PlutusTx.Prelude' instead, for example:

         import PlutusTx.Prelude ((==))

         f n | n == 42   = ...
             | otherwise = ...

       Note: GHC can generate these unexpectedly, you may need '-fno-strictness', '-fno-specialise', '-fno-spec-constr', '-fno-unbox-strict-fields', or '-fno-unbox-small-strict-fields'.
    |ᴾᴸᴵᴺᵀᴴ
198 |      linearVesting startTimestamp duration amount txEarliestTime
    |      ^^^^^^^^^^^^^
